============================= test session starts ==============================
platform linux -- Python 3.8.10, pytest-8.2.0, pluggy-1.5.0
rootdir: /home/student/905/12314917/exam_test/exo3
collected 1 item

test_fibo.py .                                                           [100%]

==================================== PASSES ====================================
__________________________ test_if_fibo_i_is_correct ___________________________
----------------------------- Captured stdout call -----------------------------
Le premier n où F(n) > 23788 est 22, F(n) = 28657
============================== 1 passed in 0.03s ===============================
